apk/build/intermediates/manifest_merge_blame_file/debug/manifest-merger-blame-debug-report.txt
1<?xml version="1.0" encoding="utf-8"?>
2<manifest xmlns:android="http://schemas.android.com/apk/res/android"
3    package="com.anysoftkeyboard.languagepack.korean"
4    android:versionCode="1"
5    android:versionName="4.0.1" >
6
7    <uses-sdk
8        android:minSdkVersion="9"
8-->src/main/AndroidManifest.xml
9        android:targetSdkVersion="28" />
9-->src/main/AndroidManifest.xml
10
11    <application
11-->src/main/AndroidManifest.xml:4:5-6:51
12        android:allowBackup="false"
12-->src/main/AndroidManifest.xml:4:18-45
13        android:debuggable="true"
14        android:icon="@mipmap/ic_launcher"
14-->src/main/AndroidManifest.xml:5:9-43
15        android:label="@string/korean_app_name" >
15-->src/main/AndroidManifest.xml:6:9-48
16        <receiver
16-->[:languages:korean:pack] AndroidManifest.xml:12:9-36:20
17            android:name="com.anysoftkeyboard.languagepack.korean.PackBroadcastReceiver"
17-->[:languages:korean:pack] AndroidManifest.xml:13:13-89
18            android:exported="true" >
18-->[:languages:korean:pack] AndroidManifest.xml:14:13-36
19            <intent-filter>
19-->[:languages:korean:pack] AndroidManifest.xml:15:13-21:29
20                <action android:name="com.menny.android.anysoftkeyboard.KEYBOARD" />
20-->[:languages:korean:pack] AndroidManifest.xml:16:17-85
20-->[:languages:korean:pack] AndroidManifest.xml:16:25-82
21
22                <category android:name="android.intent.category.DEFAULT" />
22-->[:languages:korean:pack] AndroidManifest.xml:18:17-76
22-->[:languages:korean:pack] AndroidManifest.xml:18:27-73
23                <category android:name="android.intent.category.ALTERNATIVE" />
23-->[:languages:korean:pack] AndroidManifest.xml:19:17-80
23-->[:languages:korean:pack] AndroidManifest.xml:19:27-77
24                <category android:name="android.intent.category.SELECTED_ALTERNATIVE" />
24-->[:languages:korean:pack] AndroidManifest.xml:20:17-89
24-->[:languages:korean:pack] AndroidManifest.xml:20:27-86
25            </intent-filter>
26            <intent-filter>
26-->[:languages:korean:pack] AndroidManifest.xml:22:13-28:29
27                <action android:name="com.menny.android.anysoftkeyboard.DICTIONARY" />
27-->[:languages:korean:pack] AndroidManifest.xml:23:17-87
27-->[:languages:korean:pack] AndroidManifest.xml:23:25-84
28
29                <category android:name="android.intent.category.DEFAULT" />
29-->[:languages:korean:pack] AndroidManifest.xml:18:17-76
29-->[:languages:korean:pack] AndroidManifest.xml:18:27-73
30                <category android:name="android.intent.category.ALTERNATIVE" />
30-->[:languages:korean:pack] AndroidManifest.xml:19:17-80
30-->[:languages:korean:pack] AndroidManifest.xml:19:27-77
31                <category android:name="android.intent.category.SELECTED_ALTERNATIVE" />
31-->[:languages:korean:pack] AndroidManifest.xml:20:17-89
31-->[:languages:korean:pack] AndroidManifest.xml:20:27-86
32            </intent-filter>
33
34            <meta-data
34-->[:languages:korean:pack] AndroidManifest.xml:30:13-32:60
35                android:name="com.menny.android.anysoftkeyboard.keyboards"
35-->[:languages:korean:pack] AndroidManifest.xml:31:17-75
36                android:resource="@xml/korean_keyboards" />
36-->[:languages:korean:pack] AndroidManifest.xml:32:17-57
37            <meta-data
37-->[:languages:korean:pack] AndroidManifest.xml:33:13-35:63
38                android:name="com.menny.android.anysoftkeyboard.dictionaries"
38-->[:languages:korean:pack] AndroidManifest.xml:34:17-78
39                android:resource="@xml/korean_dictionaries" />
39-->[:languages:korean:pack] AndroidManifest.xml:35:17-60
40        </receiver>
41    </application>
42
43</manifest>